<?xml version="1.0" encoding="UTF-8"?>
<!-- Generated by org.testng.reporters.JUnitReportReporter -->
<testsuite skipped="0" hostname="IXED-LAP0263" name="script.Claim_Initiate_OPEX_Test" tests="1" failures="0" timestamp="02 May 2019 12:48:54 GMT" time="48.378" errors="0">
  <testcase name="Claim_initiate" time="48.378" classname="script.Claim_Initiate_OPEX_Test"/>
</testsuite> <!-- script.Claim_Initiate_OPEX_Test -->
