<?xml version="1.0" encoding="UTF-8"?>
<!-- Generated by org.testng.reporters.JUnitReportReporter -->
<testsuite skipped="0" hostname="IXED-LAP0263" name="script.ValidLogin_Test" tests="1" failures="0" timestamp="02 May 2019 12:48:54 GMT" time="17.515" errors="0">
  <testcase name="validLogintest" time="17.515" classname="script.ValidLogin_Test"/>
</testsuite> <!-- script.ValidLogin_Test -->
