<?xml version="1.0" encoding="UTF-8"?>
<!-- Generated by org.testng.reporters.JUnitReportReporter -->
<testsuite skipped="0" hostname="IXED-LAP0263" name="script.Invalid_Login_Test" tests="1" failures="0" timestamp="02 May 2019 12:48:54 GMT" time="16.839" errors="0">
  <testcase name="testinvalidLogin" time="16.839" classname="script.Invalid_Login_Test"/>
</testsuite> <!-- script.Invalid_Login_Test -->
